#
# There is insufficient memory for the Java Runtime Environment to continue.
# Native memory allocation (malloc) failed to allocate 1048576 bytes. Error detail: AllocateHeap
# Possible reasons:
#   The system is out of physical RAM or swap space
#   This process is running with CompressedOops enabled, and the Java Heap may be blocking the growth of the native heap
# Possible solutions:
#   Reduce memory load on the system
#   Increase physical memory or swap space
#   Check if swap backing store is full
#   Decrease Java heap size (-Xmx/-Xms)
#   Decrease number of Java threads
#   Decrease Java thread stack sizes (-Xss)
#   Set larger code cache with -XX:ReservedCodeCacheSize=
#   JVM is running with Unscaled Compressed Oops mode in which the Java heap is
#     placed in the first 4GB address space. The Java Heap base address is the
#     maximum limit for the native heap growth. Please use -XX:HeapBaseMinAddress
#     to set the Java Heap base and to place the Java Heap above 4GB virtual address.
# This output file may be truncated or incomplete.
#
#  Out of Memory Error (allocation.cpp:44), pid=33516, tid=33864
#
# JRE version: OpenJDK Runtime Environment Temurin-21.0.9+10 (21.0.9+10) (build 21.0.9+10-LTS)
# Java VM: OpenJDK 64-Bit Server VM Temurin-21.0.9+10 (21.0.9+10-LTS, mixed mode, sharing, tiered, compressed oops, compressed class ptrs, parallel gc, windows-amd64)
# No core dump will be written. Minidumps are not enabled by default on client versions of Windows
#

---------------  S U M M A R Y ------------

Command Line: --add-modules=ALL-SYSTEM --add-opens=java.base/java.util=ALL-UNNAMED --add-opens=java.base/java.lang=ALL-UNNAMED --add-opens=java.base/sun.nio.fs=ALL-UNNAMED -Declipse.application=org.eclipse.jdt.ls.core.id1 -Dosgi.bundles.defaultStartLevel=4 -Declipse.product=org.eclipse.jdt.ls.core.product -Djava.import.generatesMetadataFilesAtProjectRoot=false -DDetectVMInstallationsJob.disabled=true -Dfile.encoding=utf8 -XX:+UseParallelGC -XX:GCTimeRatio=4 -XX:AdaptiveSizePolicyWeight=90 -Dsun.zip.disableMemoryMapping=true -Xmx2G -Xms100m -Xlog:disable -javaagent:c:\Users\ashto\.vscode\extensions\redhat.java-1.50.0-win32-x64\lombok\lombok-1.18.39-4050.jar -XX:+HeapDumpOnOutOfMemoryError -XX:HeapDumpPath=c:\Users\ashto\AppData\Roaming\Code\User\workspaceStorage\8d03a70e8a762375d99d52e9b32cb7df\redhat.java -Daether.dependencyCollector.impl=bf c:\Users\ashto\.vscode\extensions\redhat.java-1.50.0-win32-x64\server\plugins\org.eclipse.equinox.launcher_1.7.100.v20251111-0406.jar -configuration c:\Users\ashto\AppData\Roaming\Code\User\globalStorage\redhat.java\1.50.0\config_win -data c:\Users\ashto\AppData\Roaming\Code\User\workspaceStorage\8d03a70e8a762375d99d52e9b32cb7df\redhat.java\jdt_ws --pipe=\\.\pipe\lsp-b58101e29f15dbcdb26e02f69025421d-sock

Host: AMD Ryzen 3 7320U with Radeon Graphics         , 8 cores, 7G,  Windows 11 , 64 bit Build 26100 (10.0.26100.7019)
Time: Thu Jan  1 12:00:15 2026 Eastern Standard Time elapsed time: 1646.081171 seconds (0d 0h 27m 26s)

---------------  T H R E A D  ---------------

Current thread (0x000002014bef3160):  JavaThread "Attach Listener" daemon [_thread_in_vm, id=33864, stack(0x0000005e48000000,0x0000005e48100000) (1024K)]

Stack: [0x0000005e48000000,0x0000005e48100000]
Native frames: (J=compiled Java code, j=interpreted, Vv=VM code, C=native code)
V  [jvm.dll+0x6d6e29]
V  [jvm.dll+0x8b4b76]
V  [jvm.dll+0x8b712e]
V  [jvm.dll+0x8b7813]
V  [jvm.dll+0x283d86]
V  [jvm.dll+0xc1277]
V  [jvm.dll+0x6d76d9]
V  [jvm.dll+0x133466]
V  [jvm.dll+0x3f7ea6]
V  [jvm.dll+0x85e9ad]
V  [jvm.dll+0x6d565d]
C  [ucrtbase.dll+0x37b0]
C  [KERNEL32.DLL+0x2e8d7]
C  [ntdll.dll+0x8c53c]


---------------  P R O C E S S  ---------------

Threads class SMR info:
_java_thread_list=0x0000020164651700, length=35, elements={
0x000002014bf7d590, 0x000002014beeb3d0, 0x000002014beed9a0, 0x000002014bef2510,
0x000002014bef3160, 0x000002014bef5cc0, 0x000002014bef6710, 0x000002014bef7540,
0x00000201641bb830, 0x0000020164359fb0, 0x000002016459bad0, 0x000002016902dc80,
0x0000020164d7b1b0, 0x0000020164bfa1f0, 0x0000020164bfaf40, 0x0000020169411720,
0x0000020169229370, 0x000002016462d020, 0x000002016462c990, 0x000002016462c300,
0x000002016462e3d0, 0x000002016462dd40, 0x000002016dcb32c0, 0x000002016dcafe40,
0x000002016dcb3950, 0x000002016dcb1f10, 0x000002016dcb11f0, 0x000002016dcb25a0,
0x000002016dcb1880, 0x000002016dcb04d0, 0x000002016dcb3fe0, 0x000002016dcb0b60,
0x000002016dcb5a20, 0x000002016dcb7460, 0x000002016467e400
}

Java Threads: ( => current thread )
  0x000002014bf7d590 JavaThread "main"                              [_thread_blocked, id=32860, stack(0x0000005e47900000,0x0000005e47a00000) (1024K)]
  0x000002014beeb3d0 JavaThread "Reference Handler"          daemon [_thread_blocked, id=29452, stack(0x0000005e47d00000,0x0000005e47e00000) (1024K)]
  0x000002014beed9a0 JavaThread "Finalizer"                  daemon [_thread_blocked, id=40640, stack(0x0000005e47e00000,0x0000005e47f00000) (1024K)]
  0x000002014bef2510 JavaThread "Signal Dispatcher"          daemon [_thread_blocked, id=24076, stack(0x0000005e47f00000,0x0000005e48000000) (1024K)]
=>0x000002014bef3160 JavaThread "Attach Listener"            daemon [_thread_in_vm, id=33864, stack(0x0000005e48000000,0x0000005e48100000) (1024K)]
  0x000002014bef5cc0 JavaThread "Service Thread"             daemon [_thread_blocked, id=28680, stack(0x0000005e48100000,0x0000005e48200000) (1024K)]
  0x000002014bef6710 JavaThread "Monitor Deflation Thread"   daemon [_thread_blocked, id=19812, stack(0x0000005e48200000,0x0000005e48300000) (1024K)]
  0x000002014bef7540 JavaThread "C2 CompilerThread0"         daemon [_thread_blocked, id=15804, stack(0x0000005e48300000,0x0000005e48400000) (1024K)]
  0x00000201641bb830 JavaThread "C1 CompilerThread0"         daemon [_thread_blocked, id=29232, stack(0x0000005e48400000,0x0000005e48500000) (1024K)]
  0x0000020164359fb0 JavaThread "Common-Cleaner"             daemon [_thread_blocked, id=28404, stack(0x0000005e48500000,0x0000005e48600000) (1024K)]
  0x000002016459bad0 JavaThread "Notification Thread"        daemon [_thread_blocked, id=30648, stack(0x0000005e48700000,0x0000005e48800000) (1024K)]
  0x000002016902dc80 JavaThread "Active Thread: Equinox Container: cc5a264c-a51b-45e2-9208-5e0039e1479d"        [_thread_blocked, id=15088, stack(0x0000005e48e00000,0x0000005e48f00000) (1024K)]
  0x0000020164d7b1b0 JavaThread "Refresh Thread: Equinox Container: cc5a264c-a51b-45e2-9208-5e0039e1479d" daemon [_thread_blocked, id=19416, stack(0x0000005e48600000,0x0000005e48700000) (1024K)]
  0x0000020164bfa1f0 JavaThread "Framework Event Dispatcher: Equinox Container: cc5a264c-a51b-45e2-9208-5e0039e1479d" daemon [_thread_blocked, id=37168, stack(0x0000005e49000000,0x0000005e49100000) (1024K)]
  0x0000020164bfaf40 JavaThread "Start Level: Equinox Container: cc5a264c-a51b-45e2-9208-5e0039e1479d" daemon [_thread_blocked, id=37380, stack(0x0000005e49100000,0x0000005e49200000) (1024K)]
  0x0000020169411720 JavaThread "Bundle File Closer"         daemon [_thread_blocked, id=3740, stack(0x0000005e49200000,0x0000005e49300000) (1024K)]
  0x0000020169229370 JavaThread "SCR Component Actor"        daemon [_thread_blocked, id=32936, stack(0x0000005e49300000,0x0000005e49400000) (1024K)]
  0x000002016462d020 JavaThread "Worker-JM"                         [_thread_blocked, id=21940, stack(0x0000005e49400000,0x0000005e49500000) (1024K)]
  0x000002016462c990 JavaThread "JNA Cleaner"                daemon [_thread_blocked, id=9016, stack(0x0000005e49500000,0x0000005e49600000) (1024K)]
  0x000002016462c300 JavaThread "Worker-0"                          [_thread_blocked, id=39020, stack(0x0000005e49600000,0x0000005e49700000) (1024K)]
  0x000002016462e3d0 JavaThread "Worker-1"                          [_thread_blocked, id=30248, stack(0x0000005e49700000,0x0000005e49800000) (1024K)]
  0x000002016462dd40 JavaThread "Java indexing"              daemon [_thread_blocked, id=37304, stack(0x0000005e49c00000,0x0000005e49d00000) (1024K)]
  0x000002016dcb32c0 JavaThread "Thread-1"                   daemon [_thread_in_native, id=38148, stack(0x0000005e4a100000,0x0000005e4a200000) (1024K)]
  0x000002016dcafe40 JavaThread "Thread-2"                   daemon [_thread_in_native, id=1028, stack(0x0000005e4a200000,0x0000005e4a300000) (1024K)]
  0x000002016dcb3950 JavaThread "Thread-3"                   daemon [_thread_in_native, id=29712, stack(0x0000005e4a300000,0x0000005e4a400000) (1024K)]
  0x000002016dcb1f10 JavaThread "Thread-4"                   daemon [_thread_in_native, id=13876, stack(0x0000005e4a400000,0x0000005e4a500000) (1024K)]
  0x000002016dcb11f0 JavaThread "Thread-5"                   daemon [_thread_in_native, id=15684, stack(0x0000005e4a500000,0x0000005e4a600000) (1024K)]
  0x000002016dcb25a0 JavaThread "Thread-6"                   daemon [_thread_in_native, id=37376, stack(0x0000005e4a600000,0x0000005e4a700000) (1024K)]
  0x000002016dcb1880 JavaThread "Thread-7"                   daemon [_thread_in_native, id=21044, stack(0x0000005e4a700000,0x0000005e4a800000) (1024K)]
  0x000002016dcb04d0 JavaThread "Thread-8"                   daemon [_thread_in_native, id=28576, stack(0x0000005e4a800000,0x0000005e4a900000) (1024K)]
  0x000002016dcb3fe0 JavaThread "Thread-9"                   daemon [_thread_in_native, id=31436, stack(0x0000005e4a900000,0x0000005e4aa00000) (1024K)]
  0x000002016dcb0b60 JavaThread "pool-2-thread-1"                   [_thread_blocked, id=40912, stack(0x0000005e4aa00000,0x0000005e4ab00000) (1024K)]
  0x000002016dcb5a20 JavaThread "WorkspaceEventsHandler"            [_thread_blocked, id=40388, stack(0x0000005e4ab00000,0x0000005e4ac00000) (1024K)]
  0x000002016dcb7460 JavaThread "pool-1-thread-1"                   [_thread_blocked, id=39260, stack(0x0000005e4ac00000,0x0000005e4ad00000) (1024K)]
  0x000002016467e400 JavaThread "pool-3-thread-1"                   [_thread_blocked, id=36528, stack(0x0000005e4b100000,0x0000005e4b200000) (1024K)]
Total: 35

Other Threads:
  0x000002014bed25f0 VMThread "VM Thread"                           [id=37028, stack(0x0000005e47c00000,0x0000005e47d00000) (1024K)]
  0x000002014be0ca00 WatcherThread "VM Periodic Task Thread"        [id=16868, stack(0x0000005e47b00000,0x0000005e47c00000) (1024K)]
  0x000002014bf9c510 WorkerThread "GC Thread#0"                     [id=34964, stack(0x0000005e47a00000,0x0000005e47b00000) (1024K)]
  0x00000201649d3940 WorkerThread "GC Thread#1"                     [id=40480, stack(0x0000005e48800000,0x0000005e48900000) (1024K)]
  0x00000201649d3ce0 WorkerThread "GC Thread#2"                     [id=19588, stack(0x0000005e48900000,0x0000005e48a00000) (1024K)]
  0x0000020164bc5d30 WorkerThread "GC Thread#3"                     [id=35072, stack(0x0000005e48a00000,0x0000005e48b00000) (1024K)]
  0x0000020164bc60d0 WorkerThread "GC Thread#4"                     [id=35236, stack(0x0000005e48b00000,0x0000005e48c00000) (1024K)]
  0x00000201649d6220 WorkerThread "GC Thread#5"                     [id=36728, stack(0x0000005e48c00000,0x0000005e48d00000) (1024K)]
  0x00000201649d65c0 WorkerThread "GC Thread#6"                     [id=29804, stack(0x0000005e48d00000,0x0000005e48e00000) (1024K)]
  0x00000201691381e0 WorkerThread "GC Thread#7"                     [id=37252, stack(0x0000005e48f00000,0x0000005e49000000) (1024K)]
Total: 10

Threads with active compile tasks:
Total: 0

VM state: not at safepoint (normal execution)

VM Mutex/Monitor currently owned by a thread: None

Heap address: 0x0000000080000000, size: 2048 MB, Compressed Oops mode: 32-bit

CDS archive(s) mapped at: [0x0000020100000000-0x0000020100ba0000-0x0000020100ba0000), size 12189696, SharedBaseAddress: 0x0000020100000000, ArchiveRelocationMode: 1.
Compressed class space mapped at: 0x0000020101000000-0x0000020141000000, reserved size: 1073741824
Narrow klass base: 0x0000020100000000, Narrow klass shift: 0, Narrow klass range: 0x100000000

GC Precious Log:
 CardTable entry size: 512
 CPUs: 8 total, 8 available
 Memory: 7379M
 Large Page Support: Disabled
 NUMA Support: Disabled
 Compressed Oops: Enabled (32-bit)
 Alignments: Space 512K, Generation 512K, Heap 2M
 Heap Min Capacity: 100M
 Heap Initial Capacity: 100M
 Heap Max Capacity: 2G
 Pre-touch: Disabled
 Parallel Workers: 8

Heap:
 PSYoungGen      total 13312K, used 5063K [0x00000000d5580000, 0x00000000d6400000, 0x0000000100000000)
  eden space 12800K, 37% used [0x00000000d5580000,0x00000000d5a39e08,0x00000000d6200000)
  from space 512K, 43% used [0x00000000d6380000,0x00000000d63b8000,0x00000000d6400000)
  to   space 512K, 0% used [0x00000000d6300000,0x00000000d6300000,0x00000000d6380000)
 ParOldGen       total 68608K, used 56536K [0x0000000080000000, 0x0000000084300000, 0x00000000d5580000)
  object space 68608K, 82% used [0x0000000080000000,0x0000000083736218,0x0000000084300000)
 Metaspace       used 58212K, committed 59584K, reserved 1114112K
  class space    used 6233K, committed 6848K, reserved 1048576K

Card table byte_map: [0x000002014b920000,0x000002014bd30000] _byte_map_base: 0x000002014b520000

Marking Bits: (ParMarkBitMap*) 0x00007ff8dd992460
 Begin Bits: [0x000002015e430000, 0x0000020160430000)
 End Bits:   [0x0000020160430000, 0x0000020162430000)

Polling page: 0x0000020149f10000

Metaspace:

Usage:
  Non-class:     50.76 MB used.
      Class:      6.09 MB used.
       Both:     56.85 MB used.

Virtual space:
  Non-class space:       64.00 MB reserved,      51.50 MB ( 80%) committed,  1 nodes.
      Class space:        1.00 GB reserved,       6.69 MB ( <1%) committed,  1 nodes.
             Both:        1.06 GB reserved,      58.19 MB (  5%) committed. 

Chunk freelists:
   Non-Class:  12.22 MB
       Class:  9.17 MB
        Both:  21.39 MB

MaxMetaspaceSize: unlimited
CompressedClassSpaceSize: 1.00 GB
Initial GC threshold: 21.00 MB
Current GC threshold: 58.38 MB
CDS: on
 - commit_granule_bytes: 65536.
 - commit_granule_words: 8192.
 - virtual_space_node_default_size: 8388608.
 - enlarge_chunks_in_place: 1.
 - use_allocation_guard: 0.


Internal statistics:

num_allocs_failed_limit: 6.
num_arena_births: 970.
num_arena_deaths: 14.
num_vsnodes_births: 2.
num_vsnodes_deaths: 0.
num_space_committed: 931.
num_space_uncommitted: 0.
num_chunks_returned_to_freelist: 20.
num_chunks_taken_from_freelist: 3562.
num_chunk_merges: 12.
num_chunk_splits: 2244.
num_chunks_enlarged: 1361.
num_inconsistent_stats: 0.

CodeHeap 'non-profiled nmethods': size=120000Kb used=5974Kb max_used=5974Kb free=114025Kb
 bounds [0x0000020156c50000, 0x0000020157230000, 0x000002015e180000]
CodeHeap 'profiled nmethods': size=120000Kb used=19671Kb max_used=19671Kb free=100328Kb
 bounds [0x000002014f180000, 0x00000201504c0000, 0x00000201566b0000]
CodeHeap 'non-nmethods': size=5760Kb used=1405Kb max_used=1463Kb free=4354Kb
 bounds [0x00000201566b0000, 0x0000020156920000, 0x0000020156c50000]
CodeCache: size=245760Kb, used=27050Kb, max_used=27108Kb, free=218707Kb
 total_blobs=9414, nmethods=8698, adapters=622, full_count=0
Compilation: enabled, stopped_count=0, restarted_count=0

Compilation events (20 events):
Event: 1609.431 Thread 0x00000201641bb830 9238       3       java.util.LinkedList::linkFirst (59 bytes)
Event: 1609.432 Thread 0x00000201641bb830 nmethod 9238 0x00000201504b1010 code [0x00000201504b11c0, 0x00000201504b14c0]
Event: 1609.432 Thread 0x00000201641bb830 9239       3       org.eclipse.core.internal.resources.Filter::filter (19 bytes)
Event: 1609.433 Thread 0x00000201641bb830 nmethod 9239 0x00000201504b1610 code [0x00000201504b17c0, 0x00000201504b1938]
Event: 1609.433 Thread 0x00000201641bb830 9235       3       org.eclipse.core.internal.resources.Filter::filterIncludes (168 bytes)
Event: 1609.434 Thread 0x00000201641bb830 nmethod 9235 0x00000201504b1a10 code [0x00000201504b1ce0, 0x00000201504b2eb0]
Event: 1609.434 Thread 0x00000201641bb830 9236       3       org.eclipse.core.internal.resources.RegexFileInfoMatcher::<init> (10 bytes)
Event: 1609.434 Thread 0x00000201641bb830 nmethod 9236 0x00000201504b3490 code [0x00000201504b3640, 0x00000201504b3828]
Event: 1609.434 Thread 0x00000201641bb830 9237       3       org.eclipse.core.resources.filtermatchers.AbstractFileInfoMatcher::<init> (5 bytes)
Event: 1609.434 Thread 0x000002014bef7540 9240       4       org.eclipse.core.runtime.Path::removeLastSegments (85 bytes)
Event: 1609.434 Thread 0x00000201641bb830 nmethod 9237 0x00000201504b3910 code [0x00000201504b3ac0, 0x00000201504b3c28]
Event: 1609.434 Thread 0x00000201641bb830 9234       3       java.lang.invoke.LambdaForm$DMH/0x0000020101694000::newInvokeSpecial (27 bytes)
Event: 1609.435 Thread 0x00000201641bb830 nmethod 9234 0x00000201504b3d10 code [0x00000201504b3f00, 0x00000201504b44a0]
Event: 1609.440 Thread 0x000002014bef7540 nmethod 9240 0x0000020157224c90 code [0x0000020157224e40, 0x0000020157225300]
Event: 1609.451 Thread 0x00000201641bb830 9241       1       org.eclipse.core.internal.resources.ProjectDescription::getFilters (5 bytes)
Event: 1609.452 Thread 0x00000201641bb830 nmethod 9241 0x0000020157225510 code [0x00000201572256a0, 0x0000020157225768]
Event: 1609.453 Thread 0x00000201641bb830 9242       1       org.eclipse.core.internal.resources.WorkspaceRoot::getProject (2 bytes)
Event: 1609.453 Thread 0x00000201641bb830 nmethod 9242 0x0000020157225810 code [0x00000201572259a0, 0x0000020157225a70]
Event: 1623.345 Thread 0x00000201641bb830 9243       3       java.util.concurrent.locks.AbstractQueuedSynchronizer$ConditionObject::awaitNanos (202 bytes)
Event: 1623.349 Thread 0x00000201641bb830 nmethod 9243 0x00000201504b4690 code [0x00000201504b4980, 0x00000201504b5810]

GC Heap History (20 events):
Event: 52.101 GC heap before
{Heap before GC invocations=53 (full 2):
 PSYoungGen      total 15872K, used 15442K [0x00000000d5580000, 0x00000000d6680000, 0x0000000100000000)
  eden space 14848K, 100% used [0x00000000d5580000,0x00000000d6400000,0x00000000d6400000)
  from space 1024K, 58% used [0x00000000d6580000,0x00000000d6614940,0x00000000d6680000)
  to   space 1024K, 0% used [0x00000000d6480000,0x00000000d6480000,0x00000000d6580000)
 ParOldGen       total 68608K, used 52103K [0x0000000080000000, 0x0000000084300000, 0x00000000d5580000)
  object space 68608K, 75% used [0x0000000080000000,0x00000000832e1c98,0x0000000084300000)
 Metaspace       used 52625K, committed 53824K, reserved 1114112K
  class space    used 5656K, committed 6144K, reserved 1048576K
}
Event: 52.102 GC heap after
{Heap after GC invocations=53 (full 2):
 PSYoungGen      total 15872K, used 879K [0x00000000d5580000, 0x00000000d6600000, 0x0000000100000000)
  eden space 14848K, 0% used [0x00000000d5580000,0x00000000d5580000,0x00000000d6400000)
  from space 1024K, 85% used [0x00000000d6480000,0x00000000d655bcc8,0x00000000d6580000)
  to   space 512K, 0% used [0x00000000d6580000,0x00000000d6580000,0x00000000d6600000)
 ParOldGen       total 68608K, used 52479K [0x0000000080000000, 0x0000000084300000, 0x00000000d5580000)
  object space 68608K, 76% used [0x0000000080000000,0x000000008333fc98,0x0000000084300000)
 Metaspace       used 52625K, committed 53824K, reserved 1114112K
  class space    used 5656K, committed 6144K, reserved 1048576K
}
Event: 52.306 GC heap before
{Heap before GC invocations=54 (full 2):
 PSYoungGen      total 15872K, used 15724K [0x00000000d5580000, 0x00000000d6600000, 0x0000000100000000)
  eden space 14848K, 99% used [0x00000000d5580000,0x00000000d63ff5f0,0x00000000d6400000)
  from space 1024K, 85% used [0x00000000d6480000,0x00000000d655bcc8,0x00000000d6580000)
  to   space 512K, 0% used [0x00000000d6580000,0x00000000d6580000,0x00000000d6600000)
 ParOldGen       total 68608K, used 52479K [0x0000000080000000, 0x0000000084300000, 0x00000000d5580000)
  object space 68608K, 76% used [0x0000000080000000,0x000000008333fc98,0x0000000084300000)
 Metaspace       used 52952K, committed 54144K, reserved 1114112K
  class space    used 5686K, committed 6208K, reserved 1048576K
}
Event: 52.308 GC heap after
{Heap after GC invocations=54 (full 2):
 PSYoungGen      total 15360K, used 505K [0x00000000d5580000, 0x00000000d6700000, 0x0000000100000000)
  eden space 14848K, 0% used [0x00000000d5580000,0x00000000d5580000,0x00000000d6400000)
  from space 512K, 98% used [0x00000000d6580000,0x00000000d65fe510,0x00000000d6600000)
  to   space 1536K, 0% used [0x00000000d6400000,0x00000000d6400000,0x00000000d6580000)
 ParOldGen       total 68608K, used 53259K [0x0000000080000000, 0x0000000084300000, 0x00000000d5580000)
  object space 68608K, 77% used [0x0000000080000000,0x0000000083402dd8,0x0000000084300000)
 Metaspace       used 52952K, committed 54144K, reserved 1114112K
  class space    used 5686K, committed 6208K, reserved 1048576K
}
Event: 52.624 GC heap before
{Heap before GC invocations=55 (full 2):
 PSYoungGen      total 15360K, used 15322K [0x00000000d5580000, 0x00000000d6700000, 0x0000000100000000)
  eden space 14848K, 99% used [0x00000000d5580000,0x00000000d63f8330,0x00000000d6400000)
  from space 512K, 98% used [0x00000000d6580000,0x00000000d65fe510,0x00000000d6600000)
  to   space 1536K, 0% used [0x00000000d6400000,0x00000000d6400000,0x00000000d6580000)
 ParOldGen       total 68608K, used 53259K [0x0000000080000000, 0x0000000084300000, 0x00000000d5580000)
  object space 68608K, 77% used [0x0000000080000000,0x0000000083402dd8,0x0000000084300000)
 Metaspace       used 54120K, committed 55424K, reserved 1114112K
  class space    used 5808K, committed 6336K, reserved 1048576K
}
Event: 52.626 GC heap after
{Heap after GC invocations=55 (full 2):
 PSYoungGen      total 15360K, used 448K [0x00000000d5580000, 0x00000000d6600000, 0x0000000100000000)
  eden space 14848K, 0% used [0x00000000d5580000,0x00000000d5580000,0x00000000d6400000)
  from space 512K, 87% used [0x00000000d6400000,0x00000000d6470000,0x00000000d6480000)
  to   space 1024K, 0% used [0x00000000d6500000,0x00000000d6500000,0x00000000d6600000)
 ParOldGen       total 68608K, used 53603K [0x0000000080000000, 0x0000000084300000, 0x00000000d5580000)
  object space 68608K, 78% used [0x0000000080000000,0x0000000083458e48,0x0000000084300000)
 Metaspace       used 54120K, committed 55424K, reserved 1114112K
  class space    used 5808K, committed 6336K, reserved 1048576K
}
Event: 52.940 GC heap before
{Heap before GC invocations=56 (full 2):
 PSYoungGen      total 15360K, used 15262K [0x00000000d5580000, 0x00000000d6600000, 0x0000000100000000)
  eden space 14848K, 99% used [0x00000000d5580000,0x00000000d63f7a38,0x00000000d6400000)
  from space 512K, 87% used [0x00000000d6400000,0x00000000d6470000,0x00000000d6480000)
  to   space 1024K, 0% used [0x00000000d6500000,0x00000000d6500000,0x00000000d6600000)
 ParOldGen       total 68608K, used 53603K [0x0000000080000000, 0x0000000084300000, 0x00000000d5580000)
  object space 68608K, 78% used [0x0000000080000000,0x0000000083458e48,0x0000000084300000)
 Metaspace       used 54749K, committed 56000K, reserved 1114112K
  class space    used 5889K, committed 6400K, reserved 1048576K
}
Event: 52.941 GC heap after
{Heap after GC invocations=56 (full 2):
 PSYoungGen      total 15360K, used 320K [0x00000000d5580000, 0x00000000d6580000, 0x0000000100000000)
  eden space 14848K, 0% used [0x00000000d5580000,0x00000000d5580000,0x00000000d6400000)
  from space 512K, 62% used [0x00000000d6500000,0x00000000d6550000,0x00000000d6580000)
  to   space 512K, 0% used [0x00000000d6400000,0x00000000d6400000,0x00000000d6480000)
 ParOldGen       total 68608K, used 53851K [0x0000000080000000, 0x0000000084300000, 0x00000000d5580000)
  object space 68608K, 78% used [0x0000000080000000,0x0000000083496e78,0x0000000084300000)
 Metaspace       used 54749K, committed 56000K, reserved 1114112K
  class space    used 5889K, committed 6400K, reserved 1048576K
}
Event: 53.254 GC heap before
{Heap before GC invocations=57 (full 2):
 PSYoungGen      total 15360K, used 15168K [0x00000000d5580000, 0x00000000d6580000, 0x0000000100000000)
  eden space 14848K, 100% used [0x00000000d5580000,0x00000000d6400000,0x00000000d6400000)
  from space 512K, 62% used [0x00000000d6500000,0x00000000d6550000,0x00000000d6580000)
  to   space 512K, 0% used [0x00000000d6400000,0x00000000d6400000,0x00000000d6480000)
 ParOldGen       total 68608K, used 53851K [0x0000000080000000, 0x0000000084300000, 0x00000000d5580000)
  object space 68608K, 78% used [0x0000000080000000,0x0000000083496e78,0x0000000084300000)
 Metaspace       used 55992K, committed 57280K, reserved 1114112K
  class space    used 6031K, committed 6592K, reserved 1048576K
}
Event: 53.255 GC heap after
{Heap after GC invocations=57 (full 2):
 PSYoungGen      total 15360K, used 512K [0x00000000d5580000, 0x00000000d6600000, 0x0000000100000000)
  eden space 14848K, 0% used [0x00000000d5580000,0x00000000d5580000,0x00000000d6400000)
  from space 512K, 100% used [0x00000000d6400000,0x00000000d6480000,0x00000000d6480000)
  to   space 1024K, 0% used [0x00000000d6500000,0x00000000d6500000,0x00000000d6600000)
 ParOldGen       total 68608K, used 54043K [0x0000000080000000, 0x0000000084300000, 0x00000000d5580000)
  object space 68608K, 78% used [0x0000000080000000,0x00000000834c6e78,0x0000000084300000)
 Metaspace       used 55992K, committed 57280K, reserved 1114112K
  class space    used 6031K, committed 6592K, reserved 1048576K
}
Event: 53.361 GC heap before
{Heap before GC invocations=58 (full 2):
 PSYoungGen      total 15360K, used 15360K [0x00000000d5580000, 0x00000000d6600000, 0x0000000100000000)
  eden space 14848K, 100% used [0x00000000d5580000,0x00000000d6400000,0x00000000d6400000)
  from space 512K, 100% used [0x00000000d6400000,0x00000000d6480000,0x00000000d6480000)
  to   space 1024K, 0% used [0x00000000d6500000,0x00000000d6500000,0x00000000d6600000)
 ParOldGen       total 68608K, used 54043K [0x0000000080000000, 0x0000000084300000, 0x00000000d5580000)
  object space 68608K, 78% used [0x0000000080000000,0x00000000834c6e78,0x0000000084300000)
 Metaspace       used 56348K, committed 57664K, reserved 1114112K
  class space    used 6061K, committed 6592K, reserved 1048576K
}
Event: 53.363 GC heap after
{Heap after GC invocations=58 (full 2):
 PSYoungGen      total 13824K, used 1007K [0x00000000d5580000, 0x00000000d6a00000, 0x0000000100000000)
  eden space 12800K, 0% used [0x00000000d5580000,0x00000000d5580000,0x00000000d6200000)
  from space 1024K, 98% used [0x00000000d6500000,0x00000000d65fbda8,0x00000000d6600000)
  to   space 3072K, 0% used [0x00000000d6200000,0x00000000d6200000,0x00000000d6500000)
 ParOldGen       total 68608K, used 55431K [0x0000000080000000, 0x0000000084300000, 0x00000000d5580000)
  object space 68608K, 80% used [0x0000000080000000,0x0000000083621fb0,0x0000000084300000)
 Metaspace       used 56348K, committed 57664K, reserved 1114112K
  class space    used 6061K, committed 6592K, reserved 1048576K
}
Event: 53.411 GC heap before
{Heap before GC invocations=59 (full 2):
 PSYoungGen      total 13824K, used 13807K [0x00000000d5580000, 0x00000000d6a00000, 0x0000000100000000)
  eden space 12800K, 100% used [0x00000000d5580000,0x00000000d6200000,0x00000000d6200000)
  from space 1024K, 98% used [0x00000000d6500000,0x00000000d65fbda8,0x00000000d6600000)
  to   space 3072K, 0% used [0x00000000d6200000,0x00000000d6200000,0x00000000d6500000)
 ParOldGen       total 68608K, used 55431K [0x0000000080000000, 0x0000000084300000, 0x00000000d5580000)
  object space 68608K, 80% used [0x0000000080000000,0x0000000083621fb0,0x0000000084300000)
 Metaspace       used 56358K, committed 57664K, reserved 1114112K
  class space    used 6061K, committed 6592K, reserved 1048576K
}
Event: 53.413 GC heap after
{Heap after GC invocations=59 (full 2):
 PSYoungGen      total 14336K, used 1124K [0x00000000d5580000, 0x00000000d6600000, 0x0000000100000000)
  eden space 12800K, 0% used [0x00000000d5580000,0x00000000d5580000,0x00000000d6200000)
  from space 1536K, 73% used [0x00000000d6200000,0x00000000d6319158,0x00000000d6380000)
  to   space 2048K, 0% used [0x00000000d6400000,0x00000000d6400000,0x00000000d6600000)
 ParOldGen       total 68608K, used 55960K [0x0000000080000000, 0x0000000084300000, 0x00000000d5580000)
  object space 68608K, 81% used [0x0000000080000000,0x00000000836a6028,0x0000000084300000)
 Metaspace       used 56358K, committed 57664K, reserved 1114112K
  class space    used 6061K, committed 6592K, reserved 1048576K
}
Event: 53.490 GC heap before
{Heap before GC invocations=60 (full 2):
 PSYoungGen      total 14336K, used 13924K [0x00000000d5580000, 0x00000000d6600000, 0x0000000100000000)
  eden space 12800K, 100% used [0x00000000d5580000,0x00000000d6200000,0x00000000d6200000)
  from space 1536K, 73% used [0x00000000d6200000,0x00000000d6319158,0x00000000d6380000)
  to   space 2048K, 0% used [0x00000000d6400000,0x00000000d6400000,0x00000000d6600000)
 ParOldGen       total 68608K, used 55960K [0x0000000080000000, 0x0000000084300000, 0x00000000d5580000)
  object space 68608K, 81% used [0x0000000080000000,0x00000000836a6028,0x0000000084300000)
 Metaspace       used 56927K, committed 58240K, reserved 1114112K
  class space    used 6110K, committed 6656K, reserved 1048576K
}
Event: 53.491 GC heap after
{Heap after GC invocations=60 (full 2):
 PSYoungGen      total 13312K, used 224K [0x00000000d5580000, 0x00000000d6480000, 0x0000000100000000)
  eden space 12800K, 0% used [0x00000000d5580000,0x00000000d5580000,0x00000000d6200000)
  from space 512K, 43% used [0x00000000d6400000,0x00000000d6438000,0x00000000d6480000)
  to   space 1024K, 0% used [0x00000000d6280000,0x00000000d6280000,0x00000000d6380000)
 ParOldGen       total 68608K, used 55976K [0x0000000080000000, 0x0000000084300000, 0x00000000d5580000)
  object space 68608K, 81% used [0x0000000080000000,0x00000000836aa028,0x0000000084300000)
 Metaspace       used 56927K, committed 58240K, reserved 1114112K
  class space    used 6110K, committed 6656K, reserved 1048576K
}
Event: 909.241 GC heap before
{Heap before GC invocations=61 (full 2):
 PSYoungGen      total 13312K, used 13024K [0x00000000d5580000, 0x00000000d6480000, 0x0000000100000000)
  eden space 12800K, 100% used [0x00000000d5580000,0x00000000d6200000,0x00000000d6200000)
  from space 512K, 43% used [0x00000000d6400000,0x00000000d6438000,0x00000000d6480000)
  to   space 1024K, 0% used [0x00000000d6280000,0x00000000d6280000,0x00000000d6380000)
 ParOldGen       total 68608K, used 55976K [0x0000000080000000, 0x0000000084300000, 0x00000000d5580000)
  object space 68608K, 81% used [0x0000000080000000,0x00000000836aa028,0x0000000084300000)
 Metaspace       used 58058K, committed 59392K, reserved 1114112K
  class space    used 6233K, committed 6848K, reserved 1048576K
}
Event: 909.300 GC heap after
{Heap after GC invocations=61 (full 2):
 PSYoungGen      total 13824K, used 672K [0x00000000d5580000, 0x00000000d6480000, 0x0000000100000000)
  eden space 12800K, 0% used [0x00000000d5580000,0x00000000d5580000,0x00000000d6200000)
  from space 1024K, 65% used [0x00000000d6280000,0x00000000d6328020,0x00000000d6380000)
  to   space 1024K, 0% used [0x00000000d6380000,0x00000000d6380000,0x00000000d6480000)
 ParOldGen       total 68608K, used 56040K [0x0000000080000000, 0x0000000084300000, 0x00000000d5580000)
  object space 68608K, 81% used [0x0000000080000000,0x00000000836ba028,0x0000000084300000)
 Metaspace       used 58058K, committed 59392K, reserved 1114112K
  class space    used 6233K, committed 6848K, reserved 1048576K
}
Event: 1290.455 GC heap before
{Heap before GC invocations=62 (full 2):
 PSYoungGen      total 13824K, used 13472K [0x00000000d5580000, 0x00000000d6480000, 0x0000000100000000)
  eden space 12800K, 100% used [0x00000000d5580000,0x00000000d6200000,0x00000000d6200000)
  from space 1024K, 65% used [0x00000000d6280000,0x00000000d6328020,0x00000000d6380000)
  to   space 1024K, 0% used [0x00000000d6380000,0x00000000d6380000,0x00000000d6480000)
 ParOldGen       total 68608K, used 56040K [0x0000000080000000, 0x0000000084300000, 0x00000000d5580000)
  object space 68608K, 81% used [0x0000000080000000,0x00000000836ba028,0x0000000084300000)
 Metaspace       used 58169K, committed 59584K, reserved 1114112K
  class space    used 6233K, committed 6848K, reserved 1048576K
}
Event: 1290.467 GC heap after
{Heap after GC invocations=62 (full 2):
 PSYoungGen      total 13312K, used 224K [0x00000000d5580000, 0x00000000d6400000, 0x0000000100000000)
  eden space 12800K, 0% used [0x00000000d5580000,0x00000000d5580000,0x00000000d6200000)
  from space 512K, 43% used [0x00000000d6380000,0x00000000d63b8000,0x00000000d6400000)
  to   space 512K, 0% used [0x00000000d6300000,0x00000000d6300000,0x00000000d6380000)
 ParOldGen       total 68608K, used 56536K [0x0000000080000000, 0x0000000084300000, 0x00000000d5580000)
  object space 68608K, 82% used [0x0000000080000000,0x0000000083736218,0x0000000084300000)
 Metaspace       used 58169K, committed 59584K, reserved 1114112K
  class space    used 6233K, committed 6848K, reserved 1048576K
}

Dll operation events (10 events):
Event: 0.024 Loaded shared library c:\Users\ashto\.vscode\extensions\redhat.java-1.50.0-win32-x64\jre\21.0.9-win32-x86_64\bin\java.dll
Event: 0.231 Loaded shared library c:\Users\ashto\.vscode\extensions\redhat.java-1.50.0-win32-x64\jre\21.0.9-win32-x86_64\bin\zip.dll
Event: 0.300 Loaded shared library C:\Users\ashto\.vscode\extensions\redhat.java-1.50.0-win32-x64\jre\21.0.9-win32-x86_64\bin\instrument.dll
Event: 0.315 Loaded shared library C:\Users\ashto\.vscode\extensions\redhat.java-1.50.0-win32-x64\jre\21.0.9-win32-x86_64\bin\net.dll
Event: 0.320 Loaded shared library C:\Users\ashto\.vscode\extensions\redhat.java-1.50.0-win32-x64\jre\21.0.9-win32-x86_64\bin\nio.dll
Event: 0.332 Loaded shared library C:\Users\ashto\.vscode\extensions\redhat.java-1.50.0-win32-x64\jre\21.0.9-win32-x86_64\bin\zip.dll
Event: 0.365 Loaded shared library C:\Users\ashto\.vscode\extensions\redhat.java-1.50.0-win32-x64\jre\21.0.9-win32-x86_64\bin\jimage.dll
Event: 0.517 Loaded shared library c:\Users\ashto\.vscode\extensions\redhat.java-1.50.0-win32-x64\jre\21.0.9-win32-x86_64\bin\verify.dll
Event: 2.801 Loaded shared library C:\Users\ashto\AppData\Roaming\Code\User\globalStorage\redhat.java\1.50.0\config_win\org.eclipse.equinox.launcher\org.eclipse.equinox.launcher.win32.win32.x86_64_1.2.1400.v20250801-0854\eclipse_11916.dll
Event: 7.519 Loaded shared library C:\Users\ashto\AppData\Local\Temp\jna-93111153\jna2474656160639030548.dll

Deoptimization events (20 events):
Event: 849.730 Thread 0x000002016dcb5a20 Uncommon trap: trap_request=0xffffffc6 fr.pc=0x0000020156dc8288 relative=0x00000000000001e8
Event: 849.730 Thread 0x000002016dcb5a20 Uncommon trap: reason=bimorphic_or_optimized_type_check action=maybe_recompile pc=0x0000020156dc8288 method=java.util.Collections.eq(Ljava/lang/Object;Ljava/lang/Object;)Z @ 18 c2
Event: 849.730 Thread 0x000002016dcb5a20 DEOPT PACKING pc=0x0000020156dc8288 sp=0x0000005e4abfe440
Event: 849.730 Thread 0x000002016dcb5a20 DEOPT UNPACKING pc=0x0000020156703aa2 sp=0x0000005e4abfe380 mode 2
Event: 849.849 Thread 0x000002016462c300 Uncommon trap: trap_request=0xffffff45 fr.pc=0x0000020156ccfc04 relative=0x0000000000000324
Event: 849.849 Thread 0x000002016462c300 Uncommon trap: reason=unstable_if action=reinterpret pc=0x0000020156ccfc04 method=java.lang.ThreadLocal$ThreadLocalMap.set(Ljava/lang/ThreadLocal;Ljava/lang/Object;)V @ 116 c2
Event: 849.849 Thread 0x000002016462c300 DEOPT PACKING pc=0x0000020156ccfc04 sp=0x0000005e496fe670
Event: 849.849 Thread 0x000002016462c300 DEOPT UNPACKING pc=0x0000020156703aa2 sp=0x0000005e496fe5f8 mode 2
Event: 1006.204 Thread 0x000002016462e3d0 DEOPT PACKING pc=0x000002015020760b sp=0x0000005e497fde50
Event: 1006.205 Thread 0x000002016462e3d0 DEOPT UNPACKING pc=0x0000020156704242 sp=0x0000005e497fd338 mode 0
Event: 1281.944 Thread 0x000002016dcb5a20 Uncommon trap: trap_request=0xffffff45 fr.pc=0x00000201571c35f4 relative=0x00000000000003b4
Event: 1281.945 Thread 0x000002016dcb5a20 Uncommon trap: reason=unstable_if action=reinterpret pc=0x00000201571c35f4 method=org.eclipse.core.runtime.Path.equals(Ljava/lang/Object;)Z @ 120 c2
Event: 1281.945 Thread 0x000002016dcb5a20 DEOPT PACKING pc=0x00000201571c35f4 sp=0x0000005e4abfef90
Event: 1281.945 Thread 0x000002016dcb5a20 DEOPT UNPACKING pc=0x0000020156703aa2 sp=0x0000005e4abfef20 mode 2
Event: 1281.972 Thread 0x000002016dcb5a20 DEOPT PACKING pc=0x000002014ffe3001 sp=0x0000005e4abfe7e0
Event: 1281.972 Thread 0x000002016dcb5a20 DEOPT UNPACKING pc=0x0000020156704242 sp=0x0000005e4abfdd00 mode 0
Event: 1290.392 Thread 0x000002016dcb5a20 DEOPT PACKING pc=0x000002014ffe3001 sp=0x0000005e4abfe800
Event: 1290.395 Thread 0x000002016dcb5a20 DEOPT UNPACKING pc=0x0000020156704242 sp=0x0000005e4abfdd20 mode 0
Event: 1548.268 Thread 0x000002016462c300 DEOPT PACKING pc=0x000002015020fcb2 sp=0x0000005e496fdaf0
Event: 1548.269 Thread 0x000002016462c300 DEOPT UNPACKING pc=0x0000020156704242 sp=0x0000005e496fd068 mode 0

Classes loaded (20 events):
Event: 350.163 Loading class java/util/stream/Nodes$ToArrayTask$OfRef
Event: 350.166 Loading class java/util/stream/Nodes$ToArrayTask
Event: 350.169 Loading class java/util/stream/Nodes$ToArrayTask done
Event: 350.169 Loading class java/util/stream/Nodes$ToArrayTask$OfRef done
Event: 350.193 Loading class java/io/ObjectOutputStream$BlockDataOutputStream
Event: 350.195 Loading class java/io/ObjectOutputStream$BlockDataOutputStream done
Event: 350.196 Loading class java/io/ObjectOutputStream$HandleTable
Event: 350.196 Loading class java/io/ObjectOutputStream$HandleTable done
Event: 350.197 Loading class java/io/ObjectOutputStream$ReplaceTable
Event: 350.200 Loading class java/io/ObjectOutputStream$ReplaceTable done
Event: 801.994 Loading class java/util/stream/DistinctOps
Event: 802.002 Loading class java/util/stream/DistinctOps done
Event: 802.002 Loading class java/util/stream/DistinctOps$1
Event: 802.022 Loading class java/util/stream/DistinctOps$1 done
Event: 802.300 Loading class java/util/stream/DistinctOps$1$2
Event: 802.305 Loading class java/util/stream/DistinctOps$1$2 done
Event: 802.941 Loading class java/nio/charset/CharacterCodingException
Event: 802.947 Loading class java/nio/charset/CharacterCodingException done
Event: 802.951 Loading class java/io/SequenceInputStream
Event: 802.954 Loading class java/io/SequenceInputStream done

Classes unloaded (7 events):
Event: 9.160 Thread 0x000002014bed25f0 Unloading class 0x00000201011a2c00 'java/lang/invoke/LambdaForm$MH+0x00000201011a2c00'
Event: 9.160 Thread 0x000002014bed25f0 Unloading class 0x00000201011a2800 'java/lang/invoke/LambdaForm$MH+0x00000201011a2800'
Event: 9.160 Thread 0x000002014bed25f0 Unloading class 0x00000201011a2400 'java/lang/invoke/LambdaForm$MH+0x00000201011a2400'
Event: 9.160 Thread 0x000002014bed25f0 Unloading class 0x00000201011a2000 'java/lang/invoke/LambdaForm$MH+0x00000201011a2000'
Event: 9.160 Thread 0x000002014bed25f0 Unloading class 0x00000201011a1c00 'java/lang/invoke/LambdaForm$BMH+0x00000201011a1c00'
Event: 9.160 Thread 0x000002014bed25f0 Unloading class 0x00000201011a1800 'java/lang/invoke/LambdaForm$DMH+0x00000201011a1800'
Event: 9.160 Thread 0x000002014bed25f0 Unloading class 0x00000201011a0400 'java/lang/invoke/LambdaForm$DMH+0x00000201011a0400'

Classes redefined (0 events):
No events

Internal exceptions (20 events):
Event: 52.224 Thread 0x000002016462e3d0 Exception <a 'sun/nio/fs/WindowsException'{0x00000000d5b65a70}> (0x00000000d5b65a70) 
thrown [s\src\hotspot\share\prims\jni.cpp, line 520]
Event: 52.224 Thread 0x000002016462e3d0 Exception <a 'sun/nio/fs/WindowsException'{0x00000000d5b82290}> (0x00000000d5b82290) 
thrown [s\src\hotspot\share\prims\jni.cpp, line 520]
Event: 52.226 Thread 0x000002016462e3d0 Exception <a 'sun/nio/fs/WindowsException'{0x00000000d5c2d558}> (0x00000000d5c2d558) 
thrown [s\src\hotspot\share\prims\jni.cpp, line 520]
Event: 52.226 Thread 0x000002016462e3d0 Exception <a 'sun/nio/fs/WindowsException'{0x00000000d5c63b08}> (0x00000000d5c63b08) 
thrown [s\src\hotspot\share\prims\jni.cpp, line 520]
Event: 52.239 Thread 0x000002016467c330 Implicit null exception at 0x0000020156f57783 to 0x0000020156f5842c
Event: 52.256 Thread 0x000002016462e3d0 Exception <a 'sun/nio/fs/WindowsException'{0x00000000d6156da8}> (0x00000000d6156da8) 
thrown [s\src\hotspot\share\prims\jni.cpp, line 520]
Event: 52.256 Thread 0x000002016462e3d0 Exception <a 'sun/nio/fs/WindowsException'{0x00000000d6157838}> (0x00000000d6157838) 
thrown [s\src\hotspot\share\prims\jni.cpp, line 520]
Event: 52.257 Thread 0x000002016462e3d0 Exception <a 'sun/nio/fs/WindowsException'{0x00000000d6158e58}> (0x00000000d6158e58) 
thrown [s\src\hotspot\share\prims\jni.cpp, line 520]
Event: 52.257 Thread 0x000002016462e3d0 Exception <a 'sun/nio/fs/WindowsException'{0x00000000d61598f0}> (0x00000000d61598f0) 
thrown [s\src\hotspot\share\prims\jni.cpp, line 520]
Event: 52.378 Thread 0x000002016462e3d0 Exception <a 'java/lang/NoSuchMethodError'{0x00000000d5a9d298}: 'java.lang.Object java.lang.invoke.DirectMethodHandle$Holder.invokeSpecial(java.lang.Object, java.lang.Object, int, long)'> (0x00000000d5a9d298) 
thrown [s\src\hotspot\share\interpreter\linkResolver.cpp, line 773]
Event: 53.249 Thread 0x000002016462e3d0 Exception <a 'java/lang/NoSuchMethodError'{0x00000000d63e3370}: 'java.lang.Object java.lang.invoke.DirectMethodHandle$Holder.invokeStatic(java.lang.Object, java.lang.Object, int, java.lang.Object)'> (0x00000000d63e3370) 
thrown [s\src\hotspot\share\interpreter\linkResolver.cpp, line 773]
Event: 53.250 Thread 0x000002016462e3d0 Exception <a 'java/lang/NoSuchMethodError'{0x00000000d63e9a80}: 'java.lang.Object java.lang.invoke.DirectMethodHandle$Holder.newInvokeSpecial(java.lang.Object, java.lang.Object, int)'> (0x00000000d63e9a80) 
thrown [s\src\hotspot\share\interpreter\linkResolver.cpp, line 773]
Event: 350.117 Thread 0x000002016462e3d0 Exception <a 'sun/nio/fs/WindowsException'{0x00000000d5aec688}> (0x00000000d5aec688) 
thrown [s\src\hotspot\share\prims\jni.cpp, line 520]
Event: 350.119 Thread 0x000002016462e3d0 Exception <a 'sun/nio/fs/WindowsException'{0x00000000d5aed188}> (0x00000000d5aed188) 
thrown [s\src\hotspot\share\prims\jni.cpp, line 520]
Event: 350.140 Thread 0x000002016462e3d0 Implicit null exception at 0x0000020156fcab0d to 0x0000020156fcaec0
Event: 350.268 Thread 0x000002016462e3d0 Exception <a 'java/lang/NoSuchMethodError'{0x00000000d5b80268}: 'java.lang.Object java.lang.invoke.DirectMethodHandle$Holder.newInvokeSpecial(java.lang.Object, java.lang.Object, java.lang.Object, java.lang.Object, java.lang.Object, java.lang.Object, java.lang.Object, java.lang.Object)'> (0x00000000d5b80268) 
thrown [s\src\hotspot\share\interpreter\linkResolver.cpp, line 773]
Event: 1103.114 Thread 0x000002016462c300 Exception <a 'sun/nio/fs/WindowsException'{0x00000000d5d7b740}> (0x00000000d5d7b740) 
thrown [s\src\hotspot\share\prims\jni.cpp, line 520]
Event: 1103.114 Thread 0x000002016462c300 Exception <a 'sun/nio/fs/WindowsException'{0x00000000d5d890e8}> (0x00000000d5d890e8) 
thrown [s\src\hotspot\share\prims\jni.cpp, line 520]
Event: 1537.581 Thread 0x000002016462c300 Exception <a 'sun/nio/fs/WindowsException'{0x00000000d56e1480}> (0x00000000d56e1480) 
thrown [s\src\hotspot\share\prims\jni.cpp, line 520]
Event: 1537.582 Thread 0x000002016462c300 Exception <a 'sun/nio/fs/WindowsException'{0x00000000d56e1f80}> (0x00000000d56e1f80) 
thrown [s\src\hotspot\share\prims\jni.cpp, line 520]

ZGC Phase Switch (0 events):
No events

VM Operations (20 events):
Event: 1290.454 Executing VM operation: ParallelGCFailedAllocation (Allocation Failure)
Event: 1290.467 Executing VM operation: ParallelGCFailedAllocation (Allocation Failure) done
Event: 1291.474 Executing VM operation: Cleanup
Event: 1291.474 Executing VM operation: Cleanup done
Event: 1391.372 Executing VM operation: HandshakeAllThreads (HandshakeForDeflation)
Event: 1391.372 Executing VM operation: HandshakeAllThreads (HandshakeForDeflation) done
Event: 1391.372 Executing VM operation: RendezvousGCThreads
Event: 1391.373 Executing VM operation: RendezvousGCThreads done
Event: 1451.468 Executing VM operation: HandshakeAllThreads (HandshakeForDeflation)
Event: 1451.468 Executing VM operation: HandshakeAllThreads (HandshakeForDeflation) done
Event: 1451.469 Executing VM operation: RendezvousGCThreads
Event: 1451.469 Executing VM operation: RendezvousGCThreads done
Event: 1537.741 Executing VM operation: Cleanup
Event: 1537.741 Executing VM operation: Cleanup done
Event: 1548.818 Executing VM operation: Cleanup
Event: 1548.818 Executing VM operation: Cleanup done
Event: 1571.813 Executing VM operation: HandshakeAllThreads (HandshakeForDeflation)
Event: 1571.813 Executing VM operation: HandshakeAllThreads (HandshakeForDeflation) done
Event: 1571.813 Executing VM operation: RendezvousGCThreads
Event: 1571.813 Executing VM operation: RendezvousGCThreads done

Memory protections (0 events):
No events

Nmethod flushes (20 events):
Event: 11.690 Thread 0x000002014bed25f0 flushing  nmethod 0x000002014f7b4e90
Event: 11.690 Thread 0x000002014bed25f0 flushing  nmethod 0x000002014f7b5290
Event: 11.690 Thread 0x000002014bed25f0 flushing  nmethod 0x000002014f7b5b90
Event: 11.690 Thread 0x000002014bed25f0 flushing  nmethod 0x000002014f7b6d90
Event: 11.690 Thread 0x000002014bed25f0 flushing  nmethod 0x000002014f7b7590
Event: 11.690 Thread 0x000002014bed25f0 flushing  nmethod 0x000002014f7b7d10
Event: 11.690 Thread 0x000002014bed25f0 flushing  nmethod 0x000002014f7b9690
Event: 11.691 Thread 0x000002014bed25f0 flushing  nmethod 0x000002014f7b9b90
Event: 11.691 Thread 0x000002014bed25f0 flushing  nmethod 0x000002014f7ba890
Event: 11.691 Thread 0x000002014bed25f0 flushing  nmethod 0x000002014f7bb510
Event: 11.691 Thread 0x000002014bed25f0 flushing  nmethod 0x000002014f7bba10
Event: 11.691 Thread 0x000002014bed25f0 flushing  nmethod 0x000002014f7bbf10
Event: 11.691 Thread 0x000002014bed25f0 flushing  nmethod 0x000002014f7bd010
Event: 11.691 Thread 0x000002014bed25f0 flushing  nmethod 0x000002014f7bd310
Event: 11.691 Thread 0x000002014bed25f0 flushing  nmethod 0x000002014f7ff810
Event: 11.691 Thread 0x000002014bed25f0 flushing  nmethod 0x000002014f801e10
Event: 11.691 Thread 0x000002014bed25f0 flushing  nmethod 0x000002014f80b390
Event: 11.691 Thread 0x000002014bed25f0 flushing  nmethod 0x000002014f866190
Event: 11.691 Thread 0x000002014bed25f0 flushing  nmethod 0x000002014f884b10
Event: 11.691 Thread 0x000002014bed25f0 flushing  nmethod 0x000002014f8b4c10

Events (20 events):
Event: 1100.984 Thread 0x00000201641bb830 Thread added: 0x000002016994e530
Event: 1103.081 Thread 0x000002016994e530 Thread exited: 0x000002016994e530
Event: 1103.107 Thread 0x000002016462c300 Thread added: 0x000002016467f7b0
Event: 1103.109 Thread 0x000002016467f7b0 Thread exited: 0x000002016467f7b0
Event: 1103.117 Thread 0x000002016462c300 Thread added: 0x000002016467f7b0
Event: 1103.117 Thread 0x000002016467f7b0 Thread added: 0x000002016467c330
Event: 1103.118 Thread 0x000002016467f7b0 Thread added: 0x000002016467fe40
Event: 1103.118 Thread 0x000002016467fe40 Thread exited: 0x000002016467fe40
Event: 1103.118 Thread 0x000002016467f7b0 Thread exited: 0x000002016467f7b0
Event: 1103.118 Thread 0x000002016467c330 Thread exited: 0x000002016467c330
Event: 1537.568 Thread 0x000002016462c300 Thread added: 0x000002016467d050
Event: 1537.572 Thread 0x000002016467d050 Thread exited: 0x000002016467d050
Event: 1537.587 Thread 0x000002016462c300 Thread added: 0x000002016467f7b0
Event: 1537.588 Thread 0x000002016467f7b0 Thread added: 0x000002016467c9c0
Event: 1537.588 Thread 0x000002016467f7b0 Thread added: 0x000002016467c330
Event: 1537.589 Thread 0x000002016467c330 Thread exited: 0x000002016467c330
Event: 1537.589 Thread 0x000002016467f7b0 Thread exited: 0x000002016467f7b0
Event: 1537.589 Thread 0x000002016467c9c0 Thread exited: 0x000002016467c9c0
Event: 1548.275 Thread 0x00000201641bb830 Thread added: 0x000002016994e530
Event: 1553.561 Thread 0x000002016994e530 Thread exited: 0x000002016994e530


Dynamic libraries:
0x00007ff6871a0000 - 0x00007ff6871ae000 	c:\Users\ashto\.vscode\extensions\redhat.java-1.50.0-win32-x64\jre\21.0.9-win32-x86_64\bin\java.exe
0x00007ff99e680000 - 0x00007ff99e8e8000 	C:\Windows\SYSTEM32\ntdll.dll
0x00007ff99d660000 - 0x00007ff99d729000 	C:\Windows\System32\KERNEL32.DLL
0x00007ff99be20000 - 0x00007ff99c218000 	C:\Windows\System32\KERNELBASE.dll
0x00007ff99c2d0000 - 0x00007ff99c41b000 	C:\Windows\System32\ucrtbase.dll
0x00007ff96ccc0000 - 0x00007ff96ccd8000 	c:\Users\ashto\.vscode\extensions\redhat.java-1.50.0-win32-x64\jre\21.0.9-win32-x86_64\bin\jli.dll
0x00007ff974ac0000 - 0x00007ff974ade000 	c:\Users\ashto\.vscode\extensions\redhat.java-1.50.0-win32-x64\jre\21.0.9-win32-x86_64\bin\VCRUNTIME140.dll
0x00007ff99ca70000 - 0x00007ff99cc37000 	C:\Windows\System32\USER32.dll
0x00007ff99bd30000 - 0x00007ff99bd57000 	C:\Windows\System32\win32u.dll
0x00007ff99d460000 - 0x00007ff99d48b000 	C:\Windows\System32\GDI32.dll
0x00007ff980300000 - 0x00007ff980594000 	C:\Windows\WinSxS\amd64_microsoft.windows.common-controls_6595b64144ccf1df_6.0.26100.7019_none_3e06ffa0e335b8a8\COMCTL32.dll
0x00007ff99dca0000 - 0x00007ff99dd49000 	C:\Windows\System32\msvcrt.dll
0x00007ff99b880000 - 0x00007ff99b9ac000 	C:\Windows\System32\gdi32full.dll
0x00007ff99b7d0000 - 0x00007ff99b873000 	C:\Windows\System32\msvcp_win.dll
0x00007ff99dd50000 - 0x00007ff99dd81000 	C:\Windows\System32\IMM32.DLL
0x00007ff97a820000 - 0x00007ff97a82c000 	c:\Users\ashto\.vscode\extensions\redhat.java-1.50.0-win32-x64\jre\21.0.9-win32-x86_64\bin\vcruntime140_1.dll
0x00007ff941a90000 - 0x00007ff941b1d000 	c:\Users\ashto\.vscode\extensions\redhat.java-1.50.0-win32-x64\jre\21.0.9-win32-x86_64\bin\msvcp140.dll
0x00007ff8dccd0000 - 0x00007ff8dda70000 	c:\Users\ashto\.vscode\extensions\redhat.java-1.50.0-win32-x64\jre\21.0.9-win32-x86_64\bin\server\jvm.dll
0x00007ff99d3a0000 - 0x00007ff99d454000 	C:\Windows\System32\ADVAPI32.dll
0x00007ff99db70000 - 0x00007ff99dc16000 	C:\Windows\System32\sechost.dll
0x00007ff99da50000 - 0x00007ff99db68000 	C:\Windows\System32\RPCRT4.dll
0x00007ff99d5d0000 - 0x00007ff99d644000 	C:\Windows\System32\WS2_32.dll
0x00007ff99b630000 - 0x00007ff99b68e000 	C:\Windows\SYSTEM32\POWRPROF.dll
0x00007ff9900f0000 - 0x00007ff990125000 	C:\Windows\SYSTEM32\WINMM.dll
0x00007ff9899e0000 - 0x00007ff9899eb000 	C:\Windows\SYSTEM32\VERSION.dll
0x00007ff99b610000 - 0x00007ff99b624000 	C:\Windows\SYSTEM32\UMPDC.dll
0x00007ff99a590000 - 0x00007ff99a5ab000 	C:\Windows\SYSTEM32\kernel.appcore.dll
0x00007ff978c00000 - 0x00007ff978c0a000 	c:\Users\ashto\.vscode\extensions\redhat.java-1.50.0-win32-x64\jre\21.0.9-win32-x86_64\bin\jimage.dll
0x00007ff998ff0000 - 0x00007ff999232000 	C:\Windows\SYSTEM32\DBGHELP.DLL
0x00007ff99c570000 - 0x00007ff99c8fb000 	C:\Windows\System32\combase.dll
0x00007ff99c420000 - 0x00007ff99c4f7000 	C:\Windows\System32\OLEAUT32.dll
0x00007ff988ea0000 - 0x00007ff988edc000 	C:\Windows\SYSTEM32\dbgcore.DLL
0x00007ff99c220000 - 0x00007ff99c2c5000 	C:\Windows\System32\bcryptPrimitives.dll
0x00007ff990460000 - 0x00007ff99046f000 	c:\Users\ashto\.vscode\extensions\redhat.java-1.50.0-win32-x64\jre\21.0.9-win32-x86_64\bin\instrument.dll
0x00007ff9670b0000 - 0x00007ff9670d0000 	c:\Users\ashto\.vscode\extensions\redhat.java-1.50.0-win32-x64\jre\21.0.9-win32-x86_64\bin\java.dll
0x00007ff99cc40000 - 0x00007ff99d38f000 	C:\Windows\System32\SHELL32.dll
0x00007ff99bb30000 - 0x00007ff99bc9b000 	C:\Windows\System32\wintypes.dll
0x00007ff9993f0000 - 0x00007ff999c4d000 	C:\Windows\SYSTEM32\windows.storage.dll
0x00007ff99dd90000 - 0x00007ff99de82000 	C:\Windows\System32\SHCORE.dll
0x00007ff99d560000 - 0x00007ff99d5c7000 	C:\Windows\System32\shlwapi.dll
0x00007ff99b6f0000 - 0x00007ff99b719000 	C:\Windows\SYSTEM32\profapi.dll
0x00007ff966c70000 - 0x00007ff966c88000 	c:\Users\ashto\.vscode\extensions\redhat.java-1.50.0-win32-x64\jre\21.0.9-win32-x86_64\bin\zip.dll
0x00007ff974ef0000 - 0x00007ff974f00000 	C:\Users\ashto\.vscode\extensions\redhat.java-1.50.0-win32-x64\jre\21.0.9-win32-x86_64\bin\net.dll
0x00007ff9906e0000 - 0x00007ff990808000 	C:\Windows\SYSTEM32\WINHTTP.dll
0x00007ff99ab00000 - 0x00007ff99ab6b000 	C:\Windows\system32\mswsock.dll
0x00007ff966380000 - 0x00007ff966396000 	C:\Users\ashto\.vscode\extensions\redhat.java-1.50.0-win32-x64\jre\21.0.9-win32-x86_64\bin\nio.dll
0x00007ff990470000 - 0x00007ff990480000 	c:\Users\ashto\.vscode\extensions\redhat.java-1.50.0-win32-x64\jre\21.0.9-win32-x86_64\bin\verify.dll
0x00007ff945280000 - 0x00007ff9452c4000 	C:\Users\ashto\AppData\Roaming\Code\User\globalStorage\redhat.java\1.50.0\config_win\org.eclipse.equinox.launcher\org.eclipse.equinox.launcher.win32.win32.x86_64_1.2.1400.v20250801-0854\eclipse_11916.dll
0x00007ff99de90000 - 0x00007ff99e027000 	C:\Windows\System32\ole32.dll
0x00007ff99adc0000 - 0x00007ff99addb000 	C:\Windows\SYSTEM32\CRYPTSP.dll
0x00007ff99a4f0000 - 0x00007ff99a52a000 	C:\Windows\system32\rsaenh.dll
0x00007ff99abb0000 - 0x00007ff99abdb000 	C:\Windows\SYSTEM32\USERENV.dll
0x00007ff99b6c0000 - 0x00007ff99b6ea000 	C:\Windows\SYSTEM32\bcrypt.dll
0x00007ff99ade0000 - 0x00007ff99adec000 	C:\Windows\SYSTEM32\CRYPTBASE.dll
0x00007ff999fd0000 - 0x00007ff99a004000 	C:\Windows\SYSTEM32\IPHLPAPI.DLL
0x00007ff99d650000 - 0x00007ff99d65a000 	C:\Windows\System32\NSI.dll
0x00007ff942f90000 - 0x00007ff942fd9000 	C:\Users\ashto\AppData\Local\Temp\jna-93111153\jna2474656160639030548.dll
0x00007ff99d4c0000 - 0x00007ff99d4c8000 	C:\Windows\System32\PSAPI.DLL
0x00007ff995140000 - 0x00007ff99515e000 	C:\Windows\SYSTEM32\dhcpcsvc6.DLL
0x00007ff9950f0000 - 0x00007ff995113000 	C:\Windows\SYSTEM32\dhcpcsvc.DLL

JVMTI agents:
c:\Users\ashto\.vscode\extensions\redhat.java-1.50.0-win32-x64\lombok\lombok-1.18.39-4050.jar path:c:\Users\ashto\.vscode\extensions\redhat.java-1.50.0-win32-x64\jre\21.0.9-win32-x86_64\bin\instrument.dll, loaded, initialized, instrumentlib options:none

dbghelp: loaded successfully - version: 4.0.5 - missing functions: none
symbol engine: initialized successfully - sym options: 0x614 - pdb path: .;c:\Users\ashto\.vscode\extensions\redhat.java-1.50.0-win32-x64\jre\21.0.9-win32-x86_64\bin;C:\Windows\SYSTEM32;C:\Windows\WinSxS\amd64_microsoft.windows.common-controls_6595b64144ccf1df_6.0.26100.7019_none_3e06ffa0e335b8a8;c:\Users\ashto\.vscode\extensions\redhat.java-1.50.0-win32-x64\jre\21.0.9-win32-x86_64\bin\server;C:\Users\ashto\AppData\Roaming\Code\User\globalStorage\redhat.java\1.50.0\config_win\org.eclipse.equinox.launcher\org.eclipse.equinox.launcher.win32.win32.x86_64_1.2.1400.v20250801-0854;C:\Users\ashto\AppData\Local\Temp\jna-93111153

VM Arguments:
jvm_args: --add-modules=ALL-SYSTEM --add-opens=java.base/java.util=ALL-UNNAMED --add-opens=java.base/java.lang=ALL-UNNAMED --add-opens=java.base/sun.nio.fs=ALL-UNNAMED -Declipse.application=org.eclipse.jdt.ls.core.id1 -Dosgi.bundles.defaultStartLevel=4 -Declipse.product=org.eclipse.jdt.ls.core.product -Djava.import.generatesMetadataFilesAtProjectRoot=false -DDetectVMInstallationsJob.disabled=true -Dfile.encoding=utf8 -XX:+UseParallelGC -XX:GCTimeRatio=4 -XX:AdaptiveSizePolicyWeight=90 -Dsun.zip.disableMemoryMapping=true -Xmx2G -Xms100m -Xlog:disable -javaagent:c:\Users\ashto\.vscode\extensions\redhat.java-1.50.0-win32-x64\lombok\lombok-1.18.39-4050.jar -XX:+HeapDumpOnOutOfMemoryError -XX:HeapDumpPath=c:\Users\ashto\AppData\Roaming\Code\User\workspaceStorage\8d03a70e8a762375d99d52e9b32cb7df\redhat.java -Daether.dependencyCollector.impl=bf 
java_command: c:\Users\ashto\.vscode\extensions\redhat.java-1.50.0-win32-x64\server\plugins\org.eclipse.equinox.launcher_1.7.100.v20251111-0406.jar -configuration c:\Users\ashto\AppData\Roaming\Code\User\globalStorage\redhat.java\1.50.0\config_win -data c:\Users\ashto\AppData\Roaming\Code\User\workspaceStorage\8d03a70e8a762375d99d52e9b32cb7df\redhat.java\jdt_ws --pipe=\\.\pipe\lsp-b58101e29f15dbcdb26e02f69025421d-sock
java_class_path (initial): c:\Users\ashto\.vscode\extensions\redhat.java-1.50.0-win32-x64\server\plugins\org.eclipse.equinox.launcher_1.7.100.v20251111-0406.jar
Launcher Type: SUN_STANDARD

[Global flags]
    uintx AdaptiveSizePolicyWeight                 = 90                                        {product} {command line}
     intx CICompilerCount                          = 4                                         {product} {ergonomic}
    uintx GCTimeRatio                              = 4                                         {product} {command line}
     bool HeapDumpOnOutOfMemoryError               = true                                   {manageable} {command line}
    ccstr HeapDumpPath                             = c:\Users\ashto\AppData\Roaming\Code\User\workspaceStorage\8d03a70e8a762375d99d52e9b32cb7df\redhat.java         {manageable} {command line}
   size_t InitialHeapSize                          = 104857600                                 {product} {command line}
   size_t MaxHeapSize                              = 2147483648                                {product} {command line}
   size_t MaxNewSize                               = 715653120                                 {product} {ergonomic}
   size_t MinHeapDeltaBytes                        = 524288                                    {product} {ergonomic}
   size_t MinHeapSize                              = 104857600                                 {product} {command line}
   size_t NewSize                                  = 34603008                                  {product} {ergonomic}
    uintx NonNMethodCodeHeapSize                   = 5839372                                {pd product} {ergonomic}
    uintx NonProfiledCodeHeapSize                  = 122909434                              {pd product} {ergonomic}
   size_t OldSize                                  = 70254592                                  {product} {ergonomic}
    uintx ProfiledCodeHeapSize                     = 122909434                              {pd product} {ergonomic}
    uintx ReservedCodeCacheSize                    = 251658240                              {pd product} {ergonomic}
     bool SegmentedCodeCache                       = true                                      {product} {ergonomic}
   size_t SoftMaxHeapSize                          = 2147483648                             {manageable} {ergonomic}
     bool UseCompressedOops                        = true                           {product lp64_product} {ergonomic}
     bool UseLargePagesIndividualAllocation        = false                                  {pd product} {ergonomic}
     bool UseParallelGC                            = true                                      {product} {command line}

Logging:
Log output configuration:
 #0: stdout all=off uptime,level,tags foldmultilines=false
 #1: stderr all=off uptime,level,tags foldmultilines=false

Release file:
JAVA_VERSION="21.0.9" 
MODULES="java.base java.compiler java.datatransfer java.xml java.prefs java.desktop java.instrument java.logging java.management java.security.sasl java.naming java.rmi java.management.rmi java.net.http java.scripting java.security.jgss java.transaction.xa java.sql java.sql.rowset java.xml.crypto java.se java.smartcardio jdk.accessibility jdk.internal.jvmstat jdk.attach jdk.charsets jdk.internal.opt jdk.zipfs jdk.compiler jdk.crypto.ec jdk.crypto.cryptoki jdk.crypto.mscapi jdk.dynalink jdk.internal.ed jdk.editpad jdk.hotspot.agent jdk.httpserver jdk.internal.le jdk.internal.vm.ci jdk.internal.vm.compiler jdk.internal.vm.compiler.management jdk.jartool jdk.javadoc jdk.jcmd jdk.management jdk.management.agent jdk.jconsole jdk.jdeps jdk.jdwp.agent jdk.jdi jdk.jfr jdk.jshell jdk.jsobject jdk.jstatd jdk.localedata jdk.management.jfr jdk.naming.dns jdk.naming.rmi jdk.net jdk.nio.mapmode jdk.random jdk.sctp jdk.security.auth jdk.security.jgss jdk.unsupported jdk.unsupported.desktop jdk.xml.dom" 

Environment Variables:
PATH=C:\Python314\Scripts\;C:\Python314\;C:\Program Files\Common Files\Oracle\Java\javapath;C:\Windows\system32;C:\Windows;C:\Windows\System32\Wbem;C:\Windows\System32\WindowsPowerShell\v1.0\;C:\Windows\System32\OpenSSH\;C:\Program Files\dotnet\;C:\Program Files\Git\cmd;C:\Users\ashto\Apache\Maven\apache-maven-3.9.12\bin;C:\Program Files\nodejs\;C:\ProgramData\chocolatey\bin;C:\Users\ashto\AppData\Local\Microsoft\WindowsApps;C:\Users\ashto\AppData\Local\Programs\Microsoft VS Code\bin;C:\Users\ashto\AppData\Local\Python\bin;C:\Users\ashto\AppData\Roaming\npm
USERNAME=ashto
OS=Windows_NT
PROCESSOR_IDENTIFIER=AMD64 Family 23 Model 160 Stepping 0, AuthenticAMD
TMP=C:\Users\ashto\AppData\Local\Temp
TEMP=C:\Users\ashto\AppData\Local\Temp




Periodic native trim disabled

---------------  S Y S T E M  ---------------

OS:
 Windows 11 , 64 bit Build 26100 (10.0.26100.7019)
OS uptime: 10 days 22:03 hours
Hyper-V role detected

CPU: total 8 (initial active 8) (8 cores per cpu, 2 threads per core) family 23 model 160 stepping 0 microcode 0x8a0000a, cx8, cmov, fxsr, ht, mmx, 3dnowpref, sse, sse2, sse3, ssse3, sse4a, sse4.1, sse4.2, popcnt, lzcnt, tsc, tscinvbit, avx, avx2, aes, clmul, bmi1, bmi2, adx, sha, fma, vzeroupper, clflush, clflushopt, hv, rdtscp, rdpid, f16c
Processor Information for the first 8 processors :
  Max Mhz: 2401, Current Mhz: 2401, Mhz Limit: 2401

Memory: 4k page, system-wide physical 7379M (463M free)
TotalPageFile size 29904M (AvailPageFile size 0M)
current process WorkingSet (physical memory assigned to process): 26M, peak: 273M
current process commit charge ("private bytes"): 320M, peak: 392M

vm_info: OpenJDK 64-Bit Server VM (21.0.9+10-LTS) for windows-amd64 JRE (21.0.9+10-LTS), built on 2025-10-21T00:00:00Z by "admin" with unknown MS VC++:1942

END.
